<?xml version="1.0" encoding="UTF-8"?>
<testng-results skipped="0" failed="1" ignored="8" total="9" passed="0">
  <reporter-output>
  </reporter-output>
  <suite name="Jira Suite" duration-ms="30063" started-at="2020-06-04T04:58:21 EDT" finished-at="2020-06-04T04:58:51 EDT">
    <groups>
      <group name="Jira">
        <method signature="DefineReport.definereport()[pri:0, instance:com.hrms.testcases.DefineReport@17d677df]" name="definereport" class="com.hrms.testcases.DefineReport"/>
      </group> <!-- Jira -->
    </groups>
    <test name="Test" duration-ms="30063" started-at="2020-06-04T04:58:21 EDT" finished-at="2020-06-04T04:58:51 EDT">
      <class name="com.hrms.testcases.DefineReport">
        <test-method status="PASS" signature="generateReport()[pri:0, instance:com.hrms.testcases.DefineReport@17d677df]" name="generateReport" is-config="true" duration-ms="130" started-at="2020-06-04T04:58:21 EDT" finished-at="2020-06-04T04:58:21 EDT">
          <reporter-output>
          </reporter-output>
        </test-method> <!-- generateReport -->
        <test-method status="PASS" signature="setUp()[pri:0, instance:com.hrms.testcases.DefineReport@17d677df]" name="setUp" is-config="true" duration-ms="4139" started-at="2020-06-04T04:58:21 EDT" finished-at="2020-06-04T04:58:25 EDT">
          <reporter-output>
          </reporter-output>
        </test-method> <!-- setUp -->
        <test-method status="FAIL" signature="definereport()[pri:0, instance:com.hrms.testcases.DefineReport@17d677df]" name="definereport" duration-ms="24914" started-at="2020-06-04T04:58:25 EDT" finished-at="2020-06-04T04:58:50 EDT">
          <exception class="java.lang.AssertionError">
            <message>
              <![CDATA[text do not match expected [Manchester United] but found [Report Name : Manchester United]]]>
            </message>
            <full-stacktrace>
              <![CDATA[java.lang.AssertionError: text do not match expected [Manchester United] but found [Report Name : Manchester United]
at org.testng.Assert.fail(Assert.java:97)
at org.testng.Assert.assertEqualsImpl(Assert.java:136)
at org.testng.Assert.assertEquals(Assert.java:118)
at org.testng.Assert.assertEquals(Assert.java:575)
at com.hrms.testcases.DefineReport.definereport(DefineReport.java:63)
at sun.reflect.NativeMethodAccessorImpl.invoke0(Native Method)
at sun.reflect.NativeMethodAccessorImpl.invoke(NativeMethodAccessorImpl.java:62)
at sun.reflect.DelegatingMethodAccessorImpl.invoke(DelegatingMethodAccessorImpl.java:43)
at java.lang.reflect.Method.invoke(Method.java:498)
at org.testng.internal.MethodInvocationHelper.invokeMethod(MethodInvocationHelper.java:134)
at org.testng.internal.TestInvoker.invokeMethod(TestInvoker.java:597)
at org.testng.internal.TestInvoker.invokeTestMethod(TestInvoker.java:173)
at org.testng.internal.MethodRunner.runInSequence(MethodRunner.java:46)
at org.testng.internal.TestInvoker$MethodInvocationAgent.invoke(TestInvoker.java:816)
at org.testng.internal.TestInvoker.invokeTestMethods(TestInvoker.java:146)
at org.testng.internal.TestMethodWorker.invokeTestMethods(TestMethodWorker.java:146)
at org.testng.internal.TestMethodWorker.run(TestMethodWorker.java:128)
at java.util.ArrayList.forEach(ArrayList.java:1257)
at org.testng.TestRunner.privateRun(TestRunner.java:766)
at org.testng.TestRunner.run(TestRunner.java:587)
at org.testng.SuiteRunner.runTest(SuiteRunner.java:384)
at org.testng.SuiteRunner.runSequentially(SuiteRunner.java:378)
at org.testng.SuiteRunner.privateRun(SuiteRunner.java:337)
at org.testng.SuiteRunner.run(SuiteRunner.java:286)
at org.testng.SuiteRunnerWorker.runSuite(SuiteRunnerWorker.java:53)
at org.testng.SuiteRunnerWorker.run(SuiteRunnerWorker.java:96)
at org.testng.TestNG.runSuitesSequentially(TestNG.java:1187)
at org.testng.TestNG.runSuitesLocally(TestNG.java:1109)
at org.testng.TestNG.runSuites(TestNG.java:1039)
at org.testng.TestNG.run(TestNG.java:1007)
at org.testng.remote.AbstractRemoteTestNG.run(AbstractRemoteTestNG.java:115)
at org.testng.remote.RemoteTestNG.initAndRun(RemoteTestNG.java:251)
at org.testng.remote.RemoteTestNG.main(RemoteTestNG.java:77)
]]>
            </full-stacktrace>
          </exception> <!-- java.lang.AssertionError -->
          <reporter-output>
          </reporter-output>
        </test-method> <!-- definereport -->
        <test-method status="PASS" signature="tearDown()[pri:0, instance:com.hrms.testcases.DefineReport@17d677df]" name="tearDown" is-config="true" duration-ms="131" started-at="2020-06-04T04:58:50 EDT" finished-at="2020-06-04T04:58:50 EDT">
          <reporter-output>
          </reporter-output>
        </test-method> <!-- tearDown -->
        <test-method status="PASS" signature="writeReport()[pri:0, instance:com.hrms.testcases.DefineReport@17d677df]" name="writeReport" is-config="true" duration-ms="356" started-at="2020-06-04T04:58:50 EDT" finished-at="2020-06-04T04:58:51 EDT">
          <reporter-output>
          </reporter-output>
        </test-method> <!-- writeReport -->
      </class> <!-- com.hrms.testcases.DefineReport -->
    </test> <!-- Test -->
  </suite> <!-- Jira Suite -->
</testng-results>
